[0.104s] DEBUG:colcon:Command line arguments: ['/usr/bin/colcon', 'list', '-p', '--base-paths', '/home/albert/ws/ros2/nav2']
[0.104s] DEBUG:colcon:Parsed command line arguments: Namespace(log_base=None, log_level=None, verb_name='list', build_base='build', ignore_user_meta=False, metas=['./colcon.meta'], base_paths=['/home/albert/ws/ros2/nav2'], packages_ignore=None, packages_ignore_regex=None, paths=None, packages_up_to=None, packages_up_to_regex=None, packages_above=None, packages_above_and_dependencies=None, packages_above_depth=None, packages_select_by_dep=None, packages_skip_by_dep=None, packages_skip_up_to=None, packages_select_build_failed=False, packages_skip_build_finished=False, packages_select_test_failures=False, packages_skip_test_passed=False, packages_select=None, packages_skip=None, packages_select_regex=None, packages_skip_regex=None, packages_start=None, packages_end=None, allow_overriding=[], topological_order=False, names_only=False, paths_only=True, topological_graph=False, topological_graph_dot=False, topological_graph_density=False, topological_graph_legend=False, topological_graph_dot_cluster=False, topological_graph_dot_include_skipped=False, verb_parser=<colcon_defaults.argument_parser.defaults.DefaultArgumentsDecorator object at 0x7e70efc456f0>, verb_extension=<colcon_package_information.verb.list.ListVerb object at 0x7e70efd59a50>, main=<bound method ListVerb.main of <colcon_package_information.verb.list.ListVerb object at 0x7e70efd59a50>>)
[0.320s] Level 1:colcon.colcon_core.package_discovery:discover_packages(colcon_meta) check parameters
[0.320s] Level 1:colcon.colcon_core.package_discovery:discover_packages(recursive) check parameters
[0.320s] Level 1:colcon.colcon_core.package_discovery:discover_packages(ignore) check parameters
[0.320s] Level 1:colcon.colcon_core.package_discovery:discover_packages(path) check parameters
[0.320s] Level 1:colcon.colcon_core.package_discovery:discover_packages(recursive) discover
[0.320s] INFO:colcon.colcon_core.package_discovery:Crawling recursively for packages in '/home/albert/ws/ros2/nav2'
[0.320s] Level 1:colcon.colcon_core.package_identification:_identify(/home/albert/ws/ros2/nav2) by extensions ['ignore', 'ignore_ament_install']
[0.320s] Level 1:colcon.colcon_core.package_identification:_identify(/home/albert/ws/ros2/nav2) by extension 'ignore'
[0.320s] Level 1:colcon.colcon_core.package_identification:_identify(/home/albert/ws/ros2/nav2) by extension 'ignore_ament_install'
[0.320s] Level 1:colcon.colcon_core.package_identification:_identify(/home/albert/ws/ros2/nav2) by extensions ['colcon_pkg']
[0.321s] Level 1:colcon.colcon_core.package_identification:_identify(/home/albert/ws/ros2/nav2) by extension 'colcon_pkg'
[0.321s] Level 1:colcon.colcon_core.package_identification:_identify(/home/albert/ws/ros2/nav2) by extensions ['colcon_meta']
[0.321s] Level 1:colcon.colcon_core.package_identification:_identify(/home/albert/ws/ros2/nav2) by extension 'colcon_meta'
[0.321s] Level 1:colcon.colcon_core.package_identification:_identify(/home/albert/ws/ros2/nav2) by extensions ['ros']
[0.321s] Level 1:colcon.colcon_core.package_identification:_identify(/home/albert/ws/ros2/nav2) by extension 'ros'
[0.334s] Level 1:colcon.colcon_core.package_identification:_identify(/home/albert/ws/ros2/nav2) by extensions ['cmake', 'python']
[0.334s] Level 1:colcon.colcon_core.package_identification:_identify(/home/albert/ws/ros2/nav2) by extension 'cmake'
[0.334s] Level 1:colcon.colcon_core.package_identification:_identify(/home/albert/ws/ros2/nav2) by extension 'python'
[0.334s] Level 1:colcon.colcon_core.package_identification:_identify(/home/albert/ws/ros2/nav2) by extensions ['python_setup_py']
[0.334s] Level 1:colcon.colcon_core.package_identification:_identify(/home/albert/ws/ros2/nav2) by extension 'python_setup_py'
[0.335s] Level 1:colcon.colcon_core.package_identification:_identify(/home/albert/ws/ros2/nav2/log) by extensions ['ignore', 'ignore_ament_install']
[0.335s] Level 1:colcon.colcon_core.package_identification:_identify(/home/albert/ws/ros2/nav2/log) by extension 'ignore'
[0.335s] Level 1:colcon.colcon_core.package_identification:_identify(/home/albert/ws/ros2/nav2/log) ignored
[0.335s] Level 1:colcon.colcon_core.package_identification:_identify(/home/albert/ws/ros2/nav2/src) by extensions ['ignore', 'ignore_ament_install']
[0.335s] Level 1:colcon.colcon_core.package_identification:_identify(/home/albert/ws/ros2/nav2/src) by extension 'ignore'
[0.335s] Level 1:colcon.colcon_core.package_identification:_identify(/home/albert/ws/ros2/nav2/src) by extension 'ignore_ament_install'
[0.335s] Level 1:colcon.colcon_core.package_identification:_identify(/home/albert/ws/ros2/nav2/src) by extensions ['colcon_pkg']
[0.336s] Level 1:colcon.colcon_core.package_identification:_identify(/home/albert/ws/ros2/nav2/src) by extension 'colcon_pkg'
[0.336s] Level 1:colcon.colcon_core.package_identification:_identify(/home/albert/ws/ros2/nav2/src) by extensions ['colcon_meta']
[0.336s] Level 1:colcon.colcon_core.package_identification:_identify(/home/albert/ws/ros2/nav2/src) by extension 'colcon_meta'
[0.336s] Level 1:colcon.colcon_core.package_identification:_identify(/home/albert/ws/ros2/nav2/src) by extensions ['ros']
[0.336s] Level 1:colcon.colcon_core.package_identification:_identify(/home/albert/ws/ros2/nav2/src) by extension 'ros'
[0.336s] Level 1:colcon.colcon_core.package_identification:_identify(/home/albert/ws/ros2/nav2/src) by extensions ['cmake', 'python']
[0.336s] Level 1:colcon.colcon_core.package_identification:_identify(/home/albert/ws/ros2/nav2/src) by extension 'cmake'
[0.336s] Level 1:colcon.colcon_core.package_identification:_identify(/home/albert/ws/ros2/nav2/src) by extension 'python'
[0.336s] Level 1:colcon.colcon_core.package_identification:_identify(/home/albert/ws/ros2/nav2/src) by extensions ['python_setup_py']
[0.336s] Level 1:colcon.colcon_core.package_identification:_identify(/home/albert/ws/ros2/nav2/src) by extension 'python_setup_py'
[0.336s] Level 1:colcon.colcon_core.package_identification:_identify(/home/albert/ws/ros2/nav2/src/my_robot_bringup) by extensions ['ignore', 'ignore_ament_install']
[0.336s] Level 1:colcon.colcon_core.package_identification:_identify(/home/albert/ws/ros2/nav2/src/my_robot_bringup) by extension 'ignore'
[0.336s] Level 1:colcon.colcon_core.package_identification:_identify(/home/albert/ws/ros2/nav2/src/my_robot_bringup) by extension 'ignore_ament_install'
[0.337s] Level 1:colcon.colcon_core.package_identification:_identify(/home/albert/ws/ros2/nav2/src/my_robot_bringup) by extensions ['colcon_pkg']
[0.337s] Level 1:colcon.colcon_core.package_identification:_identify(/home/albert/ws/ros2/nav2/src/my_robot_bringup) by extension 'colcon_pkg'
[0.337s] Level 1:colcon.colcon_core.package_identification:_identify(/home/albert/ws/ros2/nav2/src/my_robot_bringup) by extensions ['colcon_meta']
[0.337s] Level 1:colcon.colcon_core.package_identification:_identify(/home/albert/ws/ros2/nav2/src/my_robot_bringup) by extension 'colcon_meta'
[0.337s] Level 1:colcon.colcon_core.package_identification:_identify(/home/albert/ws/ros2/nav2/src/my_robot_bringup) by extensions ['ros']
[0.337s] Level 1:colcon.colcon_core.package_identification:_identify(/home/albert/ws/ros2/nav2/src/my_robot_bringup) by extension 'ros'
[0.340s] DEBUG:colcon.colcon_core.package_identification:Package '/home/albert/ws/ros2/nav2/src/my_robot_bringup' with type 'ros.ament_cmake' and name 'my_robot_bringup'
[0.340s] Level 1:colcon.colcon_core.package_identification:_identify(/home/albert/ws/ros2/nav2/src/my_robot_description) by extensions ['ignore', 'ignore_ament_install']
[0.340s] Level 1:colcon.colcon_core.package_identification:_identify(/home/albert/ws/ros2/nav2/src/my_robot_description) by extension 'ignore'
[0.340s] Level 1:colcon.colcon_core.package_identification:_identify(/home/albert/ws/ros2/nav2/src/my_robot_description) by extension 'ignore_ament_install'
[0.340s] Level 1:colcon.colcon_core.package_identification:_identify(/home/albert/ws/ros2/nav2/src/my_robot_description) by extensions ['colcon_pkg']
[0.340s] Level 1:colcon.colcon_core.package_identification:_identify(/home/albert/ws/ros2/nav2/src/my_robot_description) by extension 'colcon_pkg'
[0.340s] Level 1:colcon.colcon_core.package_identification:_identify(/home/albert/ws/ros2/nav2/src/my_robot_description) by extensions ['colcon_meta']
[0.340s] Level 1:colcon.colcon_core.package_identification:_identify(/home/albert/ws/ros2/nav2/src/my_robot_description) by extension 'colcon_meta'
[0.340s] Level 1:colcon.colcon_core.package_identification:_identify(/home/albert/ws/ros2/nav2/src/my_robot_description) by extensions ['ros']
[0.340s] Level 1:colcon.colcon_core.package_identification:_identify(/home/albert/ws/ros2/nav2/src/my_robot_description) by extension 'ros'
[0.341s] DEBUG:colcon.colcon_core.package_identification:Package '/home/albert/ws/ros2/nav2/src/my_robot_description' with type 'ros.ament_cmake' and name 'my_robot_description'
[0.341s] Level 1:colcon.colcon_core.package_identification:_identify(/home/albert/ws/ros2/nav2/src/my_robot_interfaces) by extensions ['ignore', 'ignore_ament_install']
[0.341s] Level 1:colcon.colcon_core.package_identification:_identify(/home/albert/ws/ros2/nav2/src/my_robot_interfaces) by extension 'ignore'
[0.341s] Level 1:colcon.colcon_core.package_identification:_identify(/home/albert/ws/ros2/nav2/src/my_robot_interfaces) by extension 'ignore_ament_install'
[0.342s] Level 1:colcon.colcon_core.package_identification:_identify(/home/albert/ws/ros2/nav2/src/my_robot_interfaces) by extensions ['colcon_pkg']
[0.342s] Level 1:colcon.colcon_core.package_identification:_identify(/home/albert/ws/ros2/nav2/src/my_robot_interfaces) by extension 'colcon_pkg'
[0.342s] Level 1:colcon.colcon_core.package_identification:_identify(/home/albert/ws/ros2/nav2/src/my_robot_interfaces) by extensions ['colcon_meta']
[0.342s] Level 1:colcon.colcon_core.package_identification:_identify(/home/albert/ws/ros2/nav2/src/my_robot_interfaces) by extension 'colcon_meta'
[0.342s] Level 1:colcon.colcon_core.package_identification:_identify(/home/albert/ws/ros2/nav2/src/my_robot_interfaces) by extensions ['ros']
[0.342s] Level 1:colcon.colcon_core.package_identification:_identify(/home/albert/ws/ros2/nav2/src/my_robot_interfaces) by extension 'ros'
[0.343s] DEBUG:colcon.colcon_core.package_identification:Package '/home/albert/ws/ros2/nav2/src/my_robot_interfaces' with type 'ros.ament_cmake' and name 'my_robot_interfaces'
[0.343s] Level 1:colcon.colcon_core.package_discovery:discover_packages(recursive) using defaults
