[0.118s] DEBUG:colcon:Command line arguments: ['/usr/bin/colcon', 'build', '--symlink-install']
[0.119s] DEBUG:colcon:Parsed command line arguments: Namespace(log_base=None, log_level=None, verb_name='build', build_base='build', install_base='install', merge_install=False, symlink_install=True, test_result_base=None, continue_on_error=False, executor='parallel', parallel_workers=6, event_handlers=None, ignore_user_meta=False, metas=['./colcon.meta'], base_paths=['.'], packages_ignore=None, packages_ignore_regex=None, paths=None, packages_up_to=None, packages_up_to_regex=None, packages_above=None, packages_above_and_dependencies=None, packages_above_depth=None, packages_select_by_dep=None, packages_skip_by_dep=None, packages_skip_up_to=None, packages_select_build_failed=False, packages_skip_build_finished=False, packages_select_test_failures=False, packages_skip_test_passed=False, packages_select=None, packages_skip=None, packages_select_regex=None, packages_skip_regex=None, packages_start=None, packages_end=None, allow_overriding=[], cmake_args=None, cmake_target=None, cmake_target_skip_unavailable=False, cmake_clean_cache=False, cmake_clean_first=False, cmake_force_configure=False, ament_cmake_args=None, catkin_cmake_args=None, catkin_skip_building_tests=False, verb_parser=<colcon_defaults.argument_parser.defaults.DefaultArgumentsDecorator object at 0x71118fa44eb0>, verb_extension=<colcon_core.verb.build.BuildVerb object at 0x71118fbba800>, main=<bound method BuildVerb.main of <colcon_core.verb.build.BuildVerb object at 0x71118fbba800>>)
[0.326s] Level 1:colcon.colcon_core.package_discovery:discover_packages(colcon_meta) check parameters
[0.326s] Level 1:colcon.colcon_core.package_discovery:discover_packages(recursive) check parameters
[0.327s] Level 1:colcon.colcon_core.package_discovery:discover_packages(ignore) check parameters
[0.327s] Level 1:colcon.colcon_core.package_discovery:discover_packages(path) check parameters
[0.327s] Level 1:colcon.colcon_core.package_discovery:discover_packages(colcon_meta) discover
[0.327s] Level 1:colcon.colcon_core.package_discovery:discover_packages(recursive) discover
[0.327s] INFO:colcon.colcon_core.package_discovery:Crawling recursively for packages in '/home/albert/ws/ros2/nav2'
[0.327s] Level 1:colcon.colcon_core.package_identification:_identify(.) by extensions ['ignore', 'ignore_ament_install']
[0.327s] Level 1:colcon.colcon_core.package_identification:_identify(.) by extension 'ignore'
[0.327s] Level 1:colcon.colcon_core.package_identification:_identify(.) by extension 'ignore_ament_install'
[0.327s] Level 1:colcon.colcon_core.package_identification:_identify(.) by extensions ['colcon_pkg']
[0.327s] Level 1:colcon.colcon_core.package_identification:_identify(.) by extension 'colcon_pkg'
[0.327s] Level 1:colcon.colcon_core.package_identification:_identify(.) by extensions ['colcon_meta']
[0.327s] Level 1:colcon.colcon_core.package_identification:_identify(.) by extension 'colcon_meta'
[0.328s] Level 1:colcon.colcon_core.package_identification:_identify(.) by extensions ['ros']
[0.328s] Level 1:colcon.colcon_core.package_identification:_identify(.) by extension 'ros'
[0.341s] Level 1:colcon.colcon_core.package_identification:_identify(.) by extensions ['cmake', 'python']
[0.341s] Level 1:colcon.colcon_core.package_identification:_identify(.) by extension 'cmake'
[0.341s] Level 1:colcon.colcon_core.package_identification:_identify(.) by extension 'python'
[0.341s] Level 1:colcon.colcon_core.package_identification:_identify(.) by extensions ['python_setup_py']
[0.341s] Level 1:colcon.colcon_core.package_identification:_identify(.) by extension 'python_setup_py'
[0.341s] Level 1:colcon.colcon_core.package_identification:_identify(build) by extensions ['ignore', 'ignore_ament_install']
[0.341s] Level 1:colcon.colcon_core.package_identification:_identify(build) by extension 'ignore'
[0.341s] Level 1:colcon.colcon_core.package_identification:_identify(build) ignored
[0.341s] Level 1:colcon.colcon_core.package_identification:_identify(install) by extensions ['ignore', 'ignore_ament_install']
[0.342s] Level 1:colcon.colcon_core.package_identification:_identify(install) by extension 'ignore'
[0.342s] Level 1:colcon.colcon_core.package_identification:_identify(install) ignored
[0.342s] Level 1:colcon.colcon_core.package_identification:_identify(log) by extensions ['ignore', 'ignore_ament_install']
[0.342s] Level 1:colcon.colcon_core.package_identification:_identify(log) by extension 'ignore'
[0.342s] Level 1:colcon.colcon_core.package_identification:_identify(log) ignored
[0.342s] Level 1:colcon.colcon_core.package_identification:_identify(src) by extensions ['ignore', 'ignore_ament_install']
[0.342s] Level 1:colcon.colcon_core.package_identification:_identify(src) by extension 'ignore'
[0.342s] Level 1:colcon.colcon_core.package_identification:_identify(src) by extension 'ignore_ament_install'
[0.342s] Level 1:colcon.colcon_core.package_identification:_identify(src) by extensions ['colcon_pkg']
[0.342s] Level 1:colcon.colcon_core.package_identification:_identify(src) by extension 'colcon_pkg'
[0.342s] Level 1:colcon.colcon_core.package_identification:_identify(src) by extensions ['colcon_meta']
[0.343s] Level 1:colcon.colcon_core.package_identification:_identify(src) by extension 'colcon_meta'
[0.343s] Level 1:colcon.colcon_core.package_identification:_identify(src) by extensions ['ros']
[0.343s] Level 1:colcon.colcon_core.package_identification:_identify(src) by extension 'ros'
[0.343s] Level 1:colcon.colcon_core.package_identification:_identify(src) by extensions ['cmake', 'python']
[0.343s] Level 1:colcon.colcon_core.package_identification:_identify(src) by extension 'cmake'
[0.343s] Level 1:colcon.colcon_core.package_identification:_identify(src) by extension 'python'
[0.343s] Level 1:colcon.colcon_core.package_identification:_identify(src) by extensions ['python_setup_py']
[0.343s] Level 1:colcon.colcon_core.package_identification:_identify(src) by extension 'python_setup_py'
[0.343s] Level 1:colcon.colcon_core.package_identification:_identify(src/my_robot_bringup) by extensions ['ignore', 'ignore_ament_install']
[0.343s] Level 1:colcon.colcon_core.package_identification:_identify(src/my_robot_bringup) by extension 'ignore'
[0.343s] Level 1:colcon.colcon_core.package_identification:_identify(src/my_robot_bringup) by extension 'ignore_ament_install'
[0.343s] Level 1:colcon.colcon_core.package_identification:_identify(src/my_robot_bringup) by extensions ['colcon_pkg']
[0.343s] Level 1:colcon.colcon_core.package_identification:_identify(src/my_robot_bringup) by extension 'colcon_pkg'
[0.343s] Level 1:colcon.colcon_core.package_identification:_identify(src/my_robot_bringup) by extensions ['colcon_meta']
[0.343s] Level 1:colcon.colcon_core.package_identification:_identify(src/my_robot_bringup) by extension 'colcon_meta'
[0.344s] Level 1:colcon.colcon_core.package_identification:_identify(src/my_robot_bringup) by extensions ['ros']
[0.344s] Level 1:colcon.colcon_core.package_identification:_identify(src/my_robot_bringup) by extension 'ros'
[0.346s] DEBUG:colcon.colcon_core.package_identification:Package 'src/my_robot_bringup' with type 'ros.ament_cmake' and name 'my_robot_bringup'
[0.347s] Level 1:colcon.colcon_core.package_identification:_identify(src/my_robot_description) by extensions ['ignore', 'ignore_ament_install']
[0.347s] Level 1:colcon.colcon_core.package_identification:_identify(src/my_robot_description) by extension 'ignore'
[0.347s] Level 1:colcon.colcon_core.package_identification:_identify(src/my_robot_description) by extension 'ignore_ament_install'
[0.347s] Level 1:colcon.colcon_core.package_identification:_identify(src/my_robot_description) by extensions ['colcon_pkg']
[0.347s] Level 1:colcon.colcon_core.package_identification:_identify(src/my_robot_description) by extension 'colcon_pkg'
[0.347s] Level 1:colcon.colcon_core.package_identification:_identify(src/my_robot_description) by extensions ['colcon_meta']
[0.347s] Level 1:colcon.colcon_core.package_identification:_identify(src/my_robot_description) by extension 'colcon_meta'
[0.347s] Level 1:colcon.colcon_core.package_identification:_identify(src/my_robot_description) by extensions ['ros']
[0.347s] Level 1:colcon.colcon_core.package_identification:_identify(src/my_robot_description) by extension 'ros'
[0.348s] DEBUG:colcon.colcon_core.package_identification:Package 'src/my_robot_description' with type 'ros.ament_cmake' and name 'my_robot_description'
[0.348s] Level 1:colcon.colcon_core.package_identification:_identify(src/my_robot_interfaces) by extensions ['ignore', 'ignore_ament_install']
[0.348s] Level 1:colcon.colcon_core.package_identification:_identify(src/my_robot_interfaces) by extension 'ignore'
[0.348s] Level 1:colcon.colcon_core.package_identification:_identify(src/my_robot_interfaces) by extension 'ignore_ament_install'
[0.348s] Level 1:colcon.colcon_core.package_identification:_identify(src/my_robot_interfaces) by extensions ['colcon_pkg']
[0.348s] Level 1:colcon.colcon_core.package_identification:_identify(src/my_robot_interfaces) by extension 'colcon_pkg'
[0.348s] Level 1:colcon.colcon_core.package_identification:_identify(src/my_robot_interfaces) by extensions ['colcon_meta']
[0.348s] Level 1:colcon.colcon_core.package_identification:_identify(src/my_robot_interfaces) by extension 'colcon_meta'
[0.348s] Level 1:colcon.colcon_core.package_identification:_identify(src/my_robot_interfaces) by extensions ['ros']
[0.348s] Level 1:colcon.colcon_core.package_identification:_identify(src/my_robot_interfaces) by extension 'ros'
[0.349s] DEBUG:colcon.colcon_core.package_identification:Package 'src/my_robot_interfaces' with type 'ros.ament_cmake' and name 'my_robot_interfaces'
[0.349s] Level 1:colcon.colcon_core.package_discovery:discover_packages(recursive) using defaults
[0.349s] Level 1:colcon.colcon_core.package_discovery:discover_packages(ignore) discover
[0.349s] Level 1:colcon.colcon_core.package_discovery:discover_packages(ignore) using defaults
[0.349s] Level 1:colcon.colcon_core.package_discovery:discover_packages(path) discover
[0.349s] Level 1:colcon.colcon_core.package_discovery:discover_packages(path) using defaults
[0.384s] Level 1:colcon.colcon_core.package_discovery:discover_packages(prefix_path) check parameters
[0.384s] Level 1:colcon.colcon_core.package_discovery:discover_packages(prefix_path) discover
[0.392s] DEBUG:colcon.colcon_installed_package_information.package_discovery:Found 390 installed packages in /opt/ros/humble
[0.394s] Level 1:colcon.colcon_core.package_discovery:discover_packages(prefix_path) using defaults
[0.453s] Level 5:colcon.colcon_core.verb:set package 'my_robot_description' build argument 'cmake_args' from command line to 'None'
[0.453s] Level 5:colcon.colcon_core.verb:set package 'my_robot_description' build argument 'cmake_target' from command line to 'None'
[0.453s] Level 5:colcon.colcon_core.verb:set package 'my_robot_description' build argument 'cmake_target_skip_unavailable' from command line to 'False'
[0.453s] Level 5:colcon.colcon_core.verb:set package 'my_robot_description' build argument 'cmake_clean_cache' from command line to 'False'
[0.453s] Level 5:colcon.colcon_core.verb:set package 'my_robot_description' build argument 'cmake_clean_first' from command line to 'False'
[0.453s] Level 5:colcon.colcon_core.verb:set package 'my_robot_description' build argument 'cmake_force_configure' from command line to 'False'
[0.453s] Level 5:colcon.colcon_core.verb:set package 'my_robot_description' build argument 'ament_cmake_args' from command line to 'None'
[0.454s] Level 5:colcon.colcon_core.verb:set package 'my_robot_description' build argument 'catkin_cmake_args' from command line to 'None'
[0.454s] Level 5:colcon.colcon_core.verb:set package 'my_robot_description' build argument 'catkin_skip_building_tests' from command line to 'False'
[0.454s] DEBUG:colcon.colcon_core.verb:Building package 'my_robot_description' with the following arguments: {'ament_cmake_args': None, 'build_base': '/home/albert/ws/ros2/nav2/build/my_robot_description', 'catkin_cmake_args': None, 'catkin_skip_building_tests': False, 'cmake_args': None, 'cmake_clean_cache': False, 'cmake_clean_first': False, 'cmake_force_configure': False, 'cmake_target': None, 'cmake_target_skip_unavailable': False, 'install_base': '/home/albert/ws/ros2/nav2/install/my_robot_description', 'merge_install': False, 'path': '/home/albert/ws/ros2/nav2/src/my_robot_description', 'symlink_install': True, 'test_result_base': None}
[0.454s] Level 5:colcon.colcon_core.verb:set package 'my_robot_interfaces' build argument 'cmake_args' from command line to 'None'
[0.454s] Level 5:colcon.colcon_core.verb:set package 'my_robot_interfaces' build argument 'cmake_target' from command line to 'None'
[0.454s] Level 5:colcon.colcon_core.verb:set package 'my_robot_interfaces' build argument 'cmake_target_skip_unavailable' from command line to 'False'
[0.454s] Level 5:colcon.colcon_core.verb:set package 'my_robot_interfaces' build argument 'cmake_clean_cache' from command line to 'False'
[0.454s] Level 5:colcon.colcon_core.verb:set package 'my_robot_interfaces' build argument 'cmake_clean_first' from command line to 'False'
[0.454s] Level 5:colcon.colcon_core.verb:set package 'my_robot_interfaces' build argument 'cmake_force_configure' from command line to 'False'
[0.454s] Level 5:colcon.colcon_core.verb:set package 'my_robot_interfaces' build argument 'ament_cmake_args' from command line to 'None'
[0.454s] Level 5:colcon.colcon_core.verb:set package 'my_robot_interfaces' build argument 'catkin_cmake_args' from command line to 'None'
[0.454s] Level 5:colcon.colcon_core.verb:set package 'my_robot_interfaces' build argument 'catkin_skip_building_tests' from command line to 'False'
[0.454s] DEBUG:colcon.colcon_core.verb:Building package 'my_robot_interfaces' with the following arguments: {'ament_cmake_args': None, 'build_base': '/home/albert/ws/ros2/nav2/build/my_robot_interfaces', 'catkin_cmake_args': None, 'catkin_skip_building_tests': False, 'cmake_args': None, 'cmake_clean_cache': False, 'cmake_clean_first': False, 'cmake_force_configure': False, 'cmake_target': None, 'cmake_target_skip_unavailable': False, 'install_base': '/home/albert/ws/ros2/nav2/install/my_robot_interfaces', 'merge_install': False, 'path': '/home/albert/ws/ros2/nav2/src/my_robot_interfaces', 'symlink_install': True, 'test_result_base': None}
[0.455s] Level 5:colcon.colcon_core.verb:set package 'my_robot_bringup' build argument 'cmake_args' from command line to 'None'
[0.455s] Level 5:colcon.colcon_core.verb:set package 'my_robot_bringup' build argument 'cmake_target' from command line to 'None'
[0.455s] Level 5:colcon.colcon_core.verb:set package 'my_robot_bringup' build argument 'cmake_target_skip_unavailable' from command line to 'False'
[0.455s] Level 5:colcon.colcon_core.verb:set package 'my_robot_bringup' build argument 'cmake_clean_cache' from command line to 'False'
[0.455s] Level 5:colcon.colcon_core.verb:set package 'my_robot_bringup' build argument 'cmake_clean_first' from command line to 'False'
[0.455s] Level 5:colcon.colcon_core.verb:set package 'my_robot_bringup' build argument 'cmake_force_configure' from command line to 'False'
[0.455s] Level 5:colcon.colcon_core.verb:set package 'my_robot_bringup' build argument 'ament_cmake_args' from command line to 'None'
[0.455s] Level 5:colcon.colcon_core.verb:set package 'my_robot_bringup' build argument 'catkin_cmake_args' from command line to 'None'
[0.455s] Level 5:colcon.colcon_core.verb:set package 'my_robot_bringup' build argument 'catkin_skip_building_tests' from command line to 'False'
[0.455s] DEBUG:colcon.colcon_core.verb:Building package 'my_robot_bringup' with the following arguments: {'ament_cmake_args': None, 'build_base': '/home/albert/ws/ros2/nav2/build/my_robot_bringup', 'catkin_cmake_args': None, 'catkin_skip_building_tests': False, 'cmake_args': None, 'cmake_clean_cache': False, 'cmake_clean_first': False, 'cmake_force_configure': False, 'cmake_target': None, 'cmake_target_skip_unavailable': False, 'install_base': '/home/albert/ws/ros2/nav2/install/my_robot_bringup', 'merge_install': False, 'path': '/home/albert/ws/ros2/nav2/src/my_robot_bringup', 'symlink_install': True, 'test_result_base': None}
[0.455s] INFO:colcon.colcon_core.executor:Executing jobs using 'parallel' executor
[0.457s] DEBUG:colcon.colcon_parallel_executor.executor.parallel:run_until_complete
[0.457s] INFO:colcon.colcon_ros.task.ament_cmake.build:Building ROS package in '/home/albert/ws/ros2/nav2/src/my_robot_description' with build type 'ament_cmake'
[0.458s] INFO:colcon.colcon_cmake.task.cmake.build:Building CMake package in '/home/albert/ws/ros2/nav2/src/my_robot_description'
[0.473s] INFO:colcon.colcon_core.plugin_system:Skipping extension 'colcon_core.shell.bat': Not used on non-Windows systems
[0.473s] INFO:colcon.colcon_core.shell:Skip shell extension 'powershell' for command environment: Not usable outside of PowerShell
[0.473s] DEBUG:colcon.colcon_core.shell:Skip shell extension 'dsv' for command environment
[0.479s] INFO:colcon.colcon_ros.task.ament_cmake.build:Building ROS package in '/home/albert/ws/ros2/nav2/src/my_robot_interfaces' with build type 'ament_cmake'
[0.479s] INFO:colcon.colcon_cmake.task.cmake.build:Building CMake package in '/home/albert/ws/ros2/nav2/src/my_robot_interfaces'
[0.479s] INFO:colcon.colcon_core.shell:Skip shell extension 'powershell' for command environment: Not usable outside of PowerShell
[0.479s] DEBUG:colcon.colcon_core.shell:Skip shell extension 'dsv' for command environment
[0.495s] DEBUG:colcon.colcon_core.event_handler.log_command:Invoking command in '/home/albert/ws/ros2/nav2/build/my_robot_description': CMAKE_PREFIX_PATH=/opt/ros/humble /usr/bin/cmake /home/albert/ws/ros2/nav2/src/my_robot_description -DAMENT_CMAKE_SYMLINK_INSTALL=1 -DCMAKE_INSTALL_PREFIX=/home/albert/ws/ros2/nav2/install/my_robot_description
[0.498s] DEBUG:colcon.colcon_core.event_handler.log_command:Invoking command in '/home/albert/ws/ros2/nav2/build/my_robot_interfaces': CMAKE_PREFIX_PATH=/opt/ros/humble /usr/bin/cmake /home/albert/ws/ros2/nav2/src/my_robot_interfaces -DAMENT_CMAKE_SYMLINK_INSTALL=1 -DCMAKE_INSTALL_PREFIX=/home/albert/ws/ros2/nav2/install/my_robot_interfaces
[2.385s] DEBUG:colcon.colcon_core.event_handler.log_command:Invoked command in '/home/albert/ws/ros2/nav2/build/my_robot_description' returned '0': CMAKE_PREFIX_PATH=/opt/ros/humble /usr/bin/cmake /home/albert/ws/ros2/nav2/src/my_robot_description -DAMENT_CMAKE_SYMLINK_INSTALL=1 -DCMAKE_INSTALL_PREFIX=/home/albert/ws/ros2/nav2/install/my_robot_description
[2.388s] DEBUG:colcon.colcon_core.event_handler.log_command:Invoking command in '/home/albert/ws/ros2/nav2/build/my_robot_description': CMAKE_PREFIX_PATH=/opt/ros/humble /usr/bin/cmake --build /home/albert/ws/ros2/nav2/build/my_robot_description -- -j6 -l6
[2.470s] DEBUG:colcon.colcon_core.event_handler.log_command:Invoked command in '/home/albert/ws/ros2/nav2/build/my_robot_description' returned '0': CMAKE_PREFIX_PATH=/opt/ros/humble /usr/bin/cmake --build /home/albert/ws/ros2/nav2/build/my_robot_description -- -j6 -l6
[2.583s] DEBUG:colcon.colcon_core.event_handler.log_command:Invoking command in '/home/albert/ws/ros2/nav2/build/my_robot_description': CMAKE_PREFIX_PATH=/opt/ros/humble /usr/bin/cmake --install /home/albert/ws/ros2/nav2/build/my_robot_description
[3.015s] Level 1:colcon.colcon_core.environment:create_environment_scripts_only(my_robot_description)
[3.016s] DEBUG:colcon.colcon_core.event_handler.log_command:Invoked command in '/home/albert/ws/ros2/nav2/build/my_robot_description' returned '0': CMAKE_PREFIX_PATH=/opt/ros/humble /usr/bin/cmake --install /home/albert/ws/ros2/nav2/build/my_robot_description
[3.035s] Level 1:colcon.colcon_core.environment:checking '/home/albert/ws/ros2/nav2/install/my_robot_description' for CMake module files
[3.036s] Level 1:colcon.colcon_core.environment:checking '/home/albert/ws/ros2/nav2/install/my_robot_description' for CMake config files
[3.037s] Level 1:colcon.colcon_core.shell:create_environment_hook('my_robot_description', 'cmake_prefix_path')
[3.037s] INFO:colcon.colcon_core.shell:Creating environment hook '/home/albert/ws/ros2/nav2/install/my_robot_description/share/my_robot_description/hook/cmake_prefix_path.ps1'
[3.040s] INFO:colcon.colcon_core.shell:Creating environment descriptor '/home/albert/ws/ros2/nav2/install/my_robot_description/share/my_robot_description/hook/cmake_prefix_path.dsv'
[3.042s] INFO:colcon.colcon_core.shell:Creating environment hook '/home/albert/ws/ros2/nav2/install/my_robot_description/share/my_robot_description/hook/cmake_prefix_path.sh'
[3.044s] Level 1:colcon.colcon_core.environment:checking '/home/albert/ws/ros2/nav2/install/my_robot_description/bin'
[3.044s] Level 1:colcon.colcon_core.environment:checking '/home/albert/ws/ros2/nav2/install/my_robot_description/lib/pkgconfig/my_robot_description.pc'
[3.045s] Level 1:colcon.colcon_core.environment:checking '/home/albert/ws/ros2/nav2/install/my_robot_description/lib/python3.10/site-packages'
[3.045s] Level 1:colcon.colcon_core.environment:checking '/home/albert/ws/ros2/nav2/install/my_robot_description/bin'
[3.045s] INFO:colcon.colcon_core.shell:Creating package script '/home/albert/ws/ros2/nav2/install/my_robot_description/share/my_robot_description/package.ps1'
[3.048s] INFO:colcon.colcon_core.shell:Creating package descriptor '/home/albert/ws/ros2/nav2/install/my_robot_description/share/my_robot_description/package.dsv'
[3.050s] INFO:colcon.colcon_core.shell:Creating package script '/home/albert/ws/ros2/nav2/install/my_robot_description/share/my_robot_description/package.sh'
[3.052s] INFO:colcon.colcon_core.shell:Creating package script '/home/albert/ws/ros2/nav2/install/my_robot_description/share/my_robot_description/package.bash'
[3.056s] INFO:colcon.colcon_core.shell:Creating package script '/home/albert/ws/ros2/nav2/install/my_robot_description/share/my_robot_description/package.zsh'
[3.060s] Level 1:colcon.colcon_core.environment:create_file_with_runtime_dependencies(/home/albert/ws/ros2/nav2/install/my_robot_description/share/colcon-core/packages/my_robot_description)
[3.121s] Level 1:colcon.colcon_core.environment:create_environment_scripts_only(my_robot_description)
[3.121s] Level 1:colcon.colcon_core.environment:checking '/home/albert/ws/ros2/nav2/install/my_robot_description' for CMake module files
[3.122s] Level 1:colcon.colcon_core.environment:checking '/home/albert/ws/ros2/nav2/install/my_robot_description' for CMake config files
[3.123s] Level 1:colcon.colcon_core.shell:create_environment_hook('my_robot_description', 'cmake_prefix_path')
[3.123s] INFO:colcon.colcon_core.shell:Creating environment hook '/home/albert/ws/ros2/nav2/install/my_robot_description/share/my_robot_description/hook/cmake_prefix_path.ps1'
[3.124s] INFO:colcon.colcon_core.shell:Creating environment descriptor '/home/albert/ws/ros2/nav2/install/my_robot_description/share/my_robot_description/hook/cmake_prefix_path.dsv'
[3.124s] INFO:colcon.colcon_core.shell:Creating environment hook '/home/albert/ws/ros2/nav2/install/my_robot_description/share/my_robot_description/hook/cmake_prefix_path.sh'
[3.125s] Level 1:colcon.colcon_core.environment:checking '/home/albert/ws/ros2/nav2/install/my_robot_description/bin'
[3.125s] Level 1:colcon.colcon_core.environment:checking '/home/albert/ws/ros2/nav2/install/my_robot_description/lib/pkgconfig/my_robot_description.pc'
[3.126s] Level 1:colcon.colcon_core.environment:checking '/home/albert/ws/ros2/nav2/install/my_robot_description/lib/python3.10/site-packages'
[3.126s] Level 1:colcon.colcon_core.environment:checking '/home/albert/ws/ros2/nav2/install/my_robot_description/bin'
[3.127s] INFO:colcon.colcon_core.shell:Creating package script '/home/albert/ws/ros2/nav2/install/my_robot_description/share/my_robot_description/package.ps1'
[3.127s] INFO:colcon.colcon_core.shell:Creating package descriptor '/home/albert/ws/ros2/nav2/install/my_robot_description/share/my_robot_description/package.dsv'
[3.128s] INFO:colcon.colcon_core.shell:Creating package script '/home/albert/ws/ros2/nav2/install/my_robot_description/share/my_robot_description/package.sh'
[3.129s] INFO:colcon.colcon_core.shell:Creating package script '/home/albert/ws/ros2/nav2/install/my_robot_description/share/my_robot_description/package.bash'
[3.129s] INFO:colcon.colcon_core.shell:Creating package script '/home/albert/ws/ros2/nav2/install/my_robot_description/share/my_robot_description/package.zsh'
[3.130s] Level 1:colcon.colcon_core.environment:create_file_with_runtime_dependencies(/home/albert/ws/ros2/nav2/install/my_robot_description/share/colcon-core/packages/my_robot_description)
[3.131s] INFO:colcon.colcon_ros.task.ament_cmake.build:Building ROS package in '/home/albert/ws/ros2/nav2/src/my_robot_bringup' with build type 'ament_cmake'
[3.131s] INFO:colcon.colcon_cmake.task.cmake.build:Building CMake package in '/home/albert/ws/ros2/nav2/src/my_robot_bringup'
[3.132s] INFO:colcon.colcon_core.shell:Skip shell extension 'powershell' for command environment: Not usable outside of PowerShell
[3.132s] DEBUG:colcon.colcon_core.shell:Skip shell extension 'dsv' for command environment
[3.151s] DEBUG:colcon.colcon_core.event_handler.log_command:Invoking command in '/home/albert/ws/ros2/nav2/build/my_robot_bringup': AMENT_PREFIX_PATH=/home/albert/ws/ros2/nav2/install/my_robot_description:${AMENT_PREFIX_PATH} CMAKE_PREFIX_PATH=/home/albert/ws/ros2/nav2/install/my_robot_description:/opt/ros/humble /usr/bin/cmake /home/albert/ws/ros2/nav2/src/my_robot_bringup -DAMENT_CMAKE_SYMLINK_INSTALL=1 -DCMAKE_INSTALL_PREFIX=/home/albert/ws/ros2/nav2/install/my_robot_bringup
[4.108s] DEBUG:colcon.colcon_core.event_handler.log_command:Invoked command in '/home/albert/ws/ros2/nav2/build/my_robot_bringup' returned '0': AMENT_PREFIX_PATH=/home/albert/ws/ros2/nav2/install/my_robot_description:${AMENT_PREFIX_PATH} CMAKE_PREFIX_PATH=/home/albert/ws/ros2/nav2/install/my_robot_description:/opt/ros/humble /usr/bin/cmake /home/albert/ws/ros2/nav2/src/my_robot_bringup -DAMENT_CMAKE_SYMLINK_INSTALL=1 -DCMAKE_INSTALL_PREFIX=/home/albert/ws/ros2/nav2/install/my_robot_bringup
[4.109s] DEBUG:colcon.colcon_core.event_handler.log_command:Invoking command in '/home/albert/ws/ros2/nav2/build/my_robot_bringup': AMENT_PREFIX_PATH=/home/albert/ws/ros2/nav2/install/my_robot_description:${AMENT_PREFIX_PATH} CMAKE_PREFIX_PATH=/home/albert/ws/ros2/nav2/install/my_robot_description:/opt/ros/humble /usr/bin/cmake --build /home/albert/ws/ros2/nav2/build/my_robot_bringup -- -j6 -l6
[4.200s] DEBUG:colcon.colcon_core.event_handler.log_command:Invoked command in '/home/albert/ws/ros2/nav2/build/my_robot_bringup' returned '0': AMENT_PREFIX_PATH=/home/albert/ws/ros2/nav2/install/my_robot_description:${AMENT_PREFIX_PATH} CMAKE_PREFIX_PATH=/home/albert/ws/ros2/nav2/install/my_robot_description:/opt/ros/humble /usr/bin/cmake --build /home/albert/ws/ros2/nav2/build/my_robot_bringup -- -j6 -l6
[4.266s] DEBUG:colcon.colcon_core.event_handler.log_command:Invoking command in '/home/albert/ws/ros2/nav2/build/my_robot_bringup': AMENT_PREFIX_PATH=/home/albert/ws/ros2/nav2/install/my_robot_description:${AMENT_PREFIX_PATH} CMAKE_PREFIX_PATH=/home/albert/ws/ros2/nav2/install/my_robot_description:/opt/ros/humble /usr/bin/cmake --install /home/albert/ws/ros2/nav2/build/my_robot_bringup
[4.590s] Level 1:colcon.colcon_core.environment:create_environment_scripts_only(my_robot_bringup)
[4.591s] Level 1:colcon.colcon_core.environment:checking '/home/albert/ws/ros2/nav2/install/my_robot_bringup' for CMake module files
[4.592s] Level 1:colcon.colcon_core.environment:checking '/home/albert/ws/ros2/nav2/install/my_robot_bringup' for CMake config files
[4.593s] Level 1:colcon.colcon_core.shell:create_environment_hook('my_robot_bringup', 'cmake_prefix_path')
[4.594s] INFO:colcon.colcon_core.shell:Creating environment hook '/home/albert/ws/ros2/nav2/install/my_robot_bringup/share/my_robot_bringup/hook/cmake_prefix_path.ps1'
[4.595s] INFO:colcon.colcon_core.shell:Creating environment descriptor '/home/albert/ws/ros2/nav2/install/my_robot_bringup/share/my_robot_bringup/hook/cmake_prefix_path.dsv'
[4.596s] INFO:colcon.colcon_core.shell:Creating environment hook '/home/albert/ws/ros2/nav2/install/my_robot_bringup/share/my_robot_bringup/hook/cmake_prefix_path.sh'
[4.597s] Level 1:colcon.colcon_core.environment:checking '/home/albert/ws/ros2/nav2/install/my_robot_bringup/bin'
[4.597s] Level 1:colcon.colcon_core.environment:checking '/home/albert/ws/ros2/nav2/install/my_robot_bringup/lib/pkgconfig/my_robot_bringup.pc'
[4.598s] DEBUG:colcon.colcon_core.event_handler.log_command:Invoked command in '/home/albert/ws/ros2/nav2/build/my_robot_bringup' returned '0': AMENT_PREFIX_PATH=/home/albert/ws/ros2/nav2/install/my_robot_description:${AMENT_PREFIX_PATH} CMAKE_PREFIX_PATH=/home/albert/ws/ros2/nav2/install/my_robot_description:/opt/ros/humble /usr/bin/cmake --install /home/albert/ws/ros2/nav2/build/my_robot_bringup
[4.598s] Level 1:colcon.colcon_core.environment:checking '/home/albert/ws/ros2/nav2/install/my_robot_bringup/lib/python3.10/site-packages'
[4.599s] Level 1:colcon.colcon_core.environment:checking '/home/albert/ws/ros2/nav2/install/my_robot_bringup/bin'
[4.600s] INFO:colcon.colcon_core.shell:Creating package script '/home/albert/ws/ros2/nav2/install/my_robot_bringup/share/my_robot_bringup/package.ps1'
[4.600s] INFO:colcon.colcon_core.shell:Creating package descriptor '/home/albert/ws/ros2/nav2/install/my_robot_bringup/share/my_robot_bringup/package.dsv'
[4.601s] INFO:colcon.colcon_core.shell:Creating package script '/home/albert/ws/ros2/nav2/install/my_robot_bringup/share/my_robot_bringup/package.sh'
[4.602s] INFO:colcon.colcon_core.shell:Creating package script '/home/albert/ws/ros2/nav2/install/my_robot_bringup/share/my_robot_bringup/package.bash'
[4.602s] INFO:colcon.colcon_core.shell:Creating package script '/home/albert/ws/ros2/nav2/install/my_robot_bringup/share/my_robot_bringup/package.zsh'
[4.603s] Level 1:colcon.colcon_core.environment:create_file_with_runtime_dependencies(/home/albert/ws/ros2/nav2/install/my_robot_bringup/share/colcon-core/packages/my_robot_bringup)
[4.658s] Level 1:colcon.colcon_core.environment:create_environment_scripts_only(my_robot_bringup)
[4.658s] Level 1:colcon.colcon_core.environment:checking '/home/albert/ws/ros2/nav2/install/my_robot_bringup' for CMake module files
[4.658s] Level 1:colcon.colcon_core.environment:checking '/home/albert/ws/ros2/nav2/install/my_robot_bringup' for CMake config files
[4.659s] Level 1:colcon.colcon_core.shell:create_environment_hook('my_robot_bringup', 'cmake_prefix_path')
[4.659s] INFO:colcon.colcon_core.shell:Creating environment hook '/home/albert/ws/ros2/nav2/install/my_robot_bringup/share/my_robot_bringup/hook/cmake_prefix_path.ps1'
[4.660s] INFO:colcon.colcon_core.shell:Creating environment descriptor '/home/albert/ws/ros2/nav2/install/my_robot_bringup/share/my_robot_bringup/hook/cmake_prefix_path.dsv'
[4.661s] INFO:colcon.colcon_core.shell:Creating environment hook '/home/albert/ws/ros2/nav2/install/my_robot_bringup/share/my_robot_bringup/hook/cmake_prefix_path.sh'
[4.662s] Level 1:colcon.colcon_core.environment:checking '/home/albert/ws/ros2/nav2/install/my_robot_bringup/bin'
[4.662s] Level 1:colcon.colcon_core.environment:checking '/home/albert/ws/ros2/nav2/install/my_robot_bringup/lib/pkgconfig/my_robot_bringup.pc'
[4.662s] Level 1:colcon.colcon_core.environment:checking '/home/albert/ws/ros2/nav2/install/my_robot_bringup/lib/python3.10/site-packages'
[4.662s] Level 1:colcon.colcon_core.environment:checking '/home/albert/ws/ros2/nav2/install/my_robot_bringup/bin'
[4.663s] INFO:colcon.colcon_core.shell:Creating package script '/home/albert/ws/ros2/nav2/install/my_robot_bringup/share/my_robot_bringup/package.ps1'
[4.664s] INFO:colcon.colcon_core.shell:Creating package descriptor '/home/albert/ws/ros2/nav2/install/my_robot_bringup/share/my_robot_bringup/package.dsv'
[4.665s] INFO:colcon.colcon_core.shell:Creating package script '/home/albert/ws/ros2/nav2/install/my_robot_bringup/share/my_robot_bringup/package.sh'
[4.665s] INFO:colcon.colcon_core.shell:Creating package script '/home/albert/ws/ros2/nav2/install/my_robot_bringup/share/my_robot_bringup/package.bash'
[4.666s] INFO:colcon.colcon_core.shell:Creating package script '/home/albert/ws/ros2/nav2/install/my_robot_bringup/share/my_robot_bringup/package.zsh'
[4.667s] Level 1:colcon.colcon_core.environment:create_file_with_runtime_dependencies(/home/albert/ws/ros2/nav2/install/my_robot_bringup/share/colcon-core/packages/my_robot_bringup)
[4.844s] DEBUG:colcon.colcon_core.event_handler.log_command:Invoked command in '/home/albert/ws/ros2/nav2/build/my_robot_interfaces' returned '0': CMAKE_PREFIX_PATH=/opt/ros/humble /usr/bin/cmake /home/albert/ws/ros2/nav2/src/my_robot_interfaces -DAMENT_CMAKE_SYMLINK_INSTALL=1 -DCMAKE_INSTALL_PREFIX=/home/albert/ws/ros2/nav2/install/my_robot_interfaces
[4.847s] DEBUG:colcon.colcon_core.event_handler.log_command:Invoking command in '/home/albert/ws/ros2/nav2/build/my_robot_interfaces': CMAKE_PREFIX_PATH=/opt/ros/humble /usr/bin/cmake --build /home/albert/ws/ros2/nav2/build/my_robot_interfaces -- -j6 -l6
[14.110s] DEBUG:colcon.colcon_core.event_handler.log_command:Invoked command in '/home/albert/ws/ros2/nav2/build/my_robot_interfaces' returned '0': CMAKE_PREFIX_PATH=/opt/ros/humble /usr/bin/cmake --build /home/albert/ws/ros2/nav2/build/my_robot_interfaces -- -j6 -l6
[14.417s] DEBUG:colcon.colcon_core.event_handler.log_command:Invoking command in '/home/albert/ws/ros2/nav2/build/my_robot_interfaces': CMAKE_PREFIX_PATH=/opt/ros/humble /usr/bin/cmake --install /home/albert/ws/ros2/nav2/build/my_robot_interfaces
[15.855s] Level 1:colcon.colcon_core.environment:create_environment_scripts_only(my_robot_interfaces)
[15.855s] Level 1:colcon.colcon_core.environment:checking '/home/albert/ws/ros2/nav2/install/my_robot_interfaces' for CMake module files
[15.856s] DEBUG:colcon.colcon_core.event_handler.log_command:Invoked command in '/home/albert/ws/ros2/nav2/build/my_robot_interfaces' returned '0': CMAKE_PREFIX_PATH=/opt/ros/humble /usr/bin/cmake --install /home/albert/ws/ros2/nav2/build/my_robot_interfaces
[15.857s] Level 1:colcon.colcon_core.environment:checking '/home/albert/ws/ros2/nav2/install/my_robot_interfaces' for CMake config files
[15.857s] Level 1:colcon.colcon_core.shell:create_environment_hook('my_robot_interfaces', 'cmake_prefix_path')
[15.857s] INFO:colcon.colcon_core.shell:Creating environment hook '/home/albert/ws/ros2/nav2/install/my_robot_interfaces/share/my_robot_interfaces/hook/cmake_prefix_path.ps1'
[15.858s] INFO:colcon.colcon_core.shell:Creating environment descriptor '/home/albert/ws/ros2/nav2/install/my_robot_interfaces/share/my_robot_interfaces/hook/cmake_prefix_path.dsv'
[15.858s] INFO:colcon.colcon_core.shell:Creating environment hook '/home/albert/ws/ros2/nav2/install/my_robot_interfaces/share/my_robot_interfaces/hook/cmake_prefix_path.sh'
[15.859s] Level 1:colcon.colcon_core.environment:checking '/home/albert/ws/ros2/nav2/install/my_robot_interfaces/lib'
[15.859s] Level 1:colcon.colcon_core.shell:create_environment_hook('my_robot_interfaces', 'ld_library_path_lib')
[15.860s] INFO:colcon.colcon_core.shell:Creating environment hook '/home/albert/ws/ros2/nav2/install/my_robot_interfaces/share/my_robot_interfaces/hook/ld_library_path_lib.ps1'
[15.860s] INFO:colcon.colcon_core.shell:Creating environment descriptor '/home/albert/ws/ros2/nav2/install/my_robot_interfaces/share/my_robot_interfaces/hook/ld_library_path_lib.dsv'
[15.861s] INFO:colcon.colcon_core.shell:Creating environment hook '/home/albert/ws/ros2/nav2/install/my_robot_interfaces/share/my_robot_interfaces/hook/ld_library_path_lib.sh'
[15.861s] Level 1:colcon.colcon_core.environment:checking '/home/albert/ws/ros2/nav2/install/my_robot_interfaces/bin'
[15.861s] Level 1:colcon.colcon_core.environment:checking '/home/albert/ws/ros2/nav2/install/my_robot_interfaces/lib/pkgconfig/my_robot_interfaces.pc'
[15.861s] Level 1:colcon.colcon_core.environment:checking '/home/albert/ws/ros2/nav2/install/my_robot_interfaces/lib/python3.10/site-packages'
[15.862s] Level 1:colcon.colcon_core.environment:checking '/home/albert/ws/ros2/nav2/install/my_robot_interfaces/bin'
[15.862s] INFO:colcon.colcon_core.shell:Creating package script '/home/albert/ws/ros2/nav2/install/my_robot_interfaces/share/my_robot_interfaces/package.ps1'
[15.863s] INFO:colcon.colcon_core.shell:Creating package descriptor '/home/albert/ws/ros2/nav2/install/my_robot_interfaces/share/my_robot_interfaces/package.dsv'
[15.863s] INFO:colcon.colcon_core.shell:Creating package script '/home/albert/ws/ros2/nav2/install/my_robot_interfaces/share/my_robot_interfaces/package.sh'
[15.864s] INFO:colcon.colcon_core.shell:Creating package script '/home/albert/ws/ros2/nav2/install/my_robot_interfaces/share/my_robot_interfaces/package.bash'
[15.864s] INFO:colcon.colcon_core.shell:Creating package script '/home/albert/ws/ros2/nav2/install/my_robot_interfaces/share/my_robot_interfaces/package.zsh'
[15.864s] Level 1:colcon.colcon_core.environment:create_file_with_runtime_dependencies(/home/albert/ws/ros2/nav2/install/my_robot_interfaces/share/colcon-core/packages/my_robot_interfaces)
[16.200s] Level 1:colcon.colcon_core.environment:create_environment_scripts_only(my_robot_interfaces)
[16.200s] Level 1:colcon.colcon_core.environment:checking '/home/albert/ws/ros2/nav2/install/my_robot_interfaces' for CMake module files
[16.201s] Level 1:colcon.colcon_core.environment:checking '/home/albert/ws/ros2/nav2/install/my_robot_interfaces' for CMake config files
[16.202s] Level 1:colcon.colcon_core.shell:create_environment_hook('my_robot_interfaces', 'cmake_prefix_path')
[16.202s] INFO:colcon.colcon_core.shell:Creating environment hook '/home/albert/ws/ros2/nav2/install/my_robot_interfaces/share/my_robot_interfaces/hook/cmake_prefix_path.ps1'
[16.203s] INFO:colcon.colcon_core.shell:Creating environment descriptor '/home/albert/ws/ros2/nav2/install/my_robot_interfaces/share/my_robot_interfaces/hook/cmake_prefix_path.dsv'
[16.203s] INFO:colcon.colcon_core.shell:Creating environment hook '/home/albert/ws/ros2/nav2/install/my_robot_interfaces/share/my_robot_interfaces/hook/cmake_prefix_path.sh'
[16.204s] Level 1:colcon.colcon_core.environment:checking '/home/albert/ws/ros2/nav2/install/my_robot_interfaces/lib'
[16.204s] Level 1:colcon.colcon_core.shell:create_environment_hook('my_robot_interfaces', 'ld_library_path_lib')
[16.204s] INFO:colcon.colcon_core.shell:Creating environment hook '/home/albert/ws/ros2/nav2/install/my_robot_interfaces/share/my_robot_interfaces/hook/ld_library_path_lib.ps1'
[16.205s] INFO:colcon.colcon_core.shell:Creating environment descriptor '/home/albert/ws/ros2/nav2/install/my_robot_interfaces/share/my_robot_interfaces/hook/ld_library_path_lib.dsv'
[16.206s] INFO:colcon.colcon_core.shell:Creating environment hook '/home/albert/ws/ros2/nav2/install/my_robot_interfaces/share/my_robot_interfaces/hook/ld_library_path_lib.sh'
[16.207s] Level 1:colcon.colcon_core.environment:checking '/home/albert/ws/ros2/nav2/install/my_robot_interfaces/bin'
[16.207s] Level 1:colcon.colcon_core.environment:checking '/home/albert/ws/ros2/nav2/install/my_robot_interfaces/lib/pkgconfig/my_robot_interfaces.pc'
[16.207s] Level 1:colcon.colcon_core.environment:checking '/home/albert/ws/ros2/nav2/install/my_robot_interfaces/lib/python3.10/site-packages'
[16.208s] Level 1:colcon.colcon_core.environment:checking '/home/albert/ws/ros2/nav2/install/my_robot_interfaces/bin'
[16.208s] INFO:colcon.colcon_core.shell:Creating package script '/home/albert/ws/ros2/nav2/install/my_robot_interfaces/share/my_robot_interfaces/package.ps1'
[16.209s] INFO:colcon.colcon_core.shell:Creating package descriptor '/home/albert/ws/ros2/nav2/install/my_robot_interfaces/share/my_robot_interfaces/package.dsv'
[16.210s] INFO:colcon.colcon_core.shell:Creating package script '/home/albert/ws/ros2/nav2/install/my_robot_interfaces/share/my_robot_interfaces/package.sh'
[16.210s] INFO:colcon.colcon_core.shell:Creating package script '/home/albert/ws/ros2/nav2/install/my_robot_interfaces/share/my_robot_interfaces/package.bash'
[16.211s] INFO:colcon.colcon_core.shell:Creating package script '/home/albert/ws/ros2/nav2/install/my_robot_interfaces/share/my_robot_interfaces/package.zsh'
[16.212s] Level 1:colcon.colcon_core.environment:create_file_with_runtime_dependencies(/home/albert/ws/ros2/nav2/install/my_robot_interfaces/share/colcon-core/packages/my_robot_interfaces)
[16.212s] DEBUG:colcon.colcon_parallel_executor.executor.parallel:closing loop
[16.213s] DEBUG:colcon.colcon_parallel_executor.executor.parallel:loop closed
[16.213s] DEBUG:colcon.colcon_parallel_executor.executor.parallel:run_until_complete finished with '0'
[16.213s] DEBUG:colcon.colcon_core.event_reactor:joining thread
[16.225s] INFO:colcon.colcon_core.plugin_system:Skipping extension 'colcon_notification.desktop_notification.terminal_notifier': Not used on non-Darwin systems
[16.226s] INFO:colcon.colcon_core.plugin_system:Skipping extension 'colcon_notification.desktop_notification.win32': Not used on non-Windows systems
[16.226s] INFO:colcon.colcon_notification.desktop_notification:Sending desktop notification using 'notify2'
[16.261s] DEBUG:colcon.colcon_core.event_reactor:joined thread
[16.262s] INFO:colcon.colcon_core.shell:Creating prefix script '/home/albert/ws/ros2/nav2/install/local_setup.ps1'
[16.264s] INFO:colcon.colcon_core.shell:Creating prefix util module '/home/albert/ws/ros2/nav2/install/_local_setup_util_ps1.py'
[16.268s] INFO:colcon.colcon_core.shell:Creating prefix chain script '/home/albert/ws/ros2/nav2/install/setup.ps1'
[16.270s] INFO:colcon.colcon_core.shell:Creating prefix script '/home/albert/ws/ros2/nav2/install/local_setup.sh'
[16.272s] INFO:colcon.colcon_core.shell:Creating prefix util module '/home/albert/ws/ros2/nav2/install/_local_setup_util_sh.py'
[16.273s] INFO:colcon.colcon_core.shell:Creating prefix chain script '/home/albert/ws/ros2/nav2/install/setup.sh'
[16.276s] INFO:colcon.colcon_core.shell:Creating prefix script '/home/albert/ws/ros2/nav2/install/local_setup.bash'
[16.278s] INFO:colcon.colcon_core.shell:Creating prefix chain script '/home/albert/ws/ros2/nav2/install/setup.bash'
[16.281s] INFO:colcon.colcon_core.shell:Creating prefix script '/home/albert/ws/ros2/nav2/install/local_setup.zsh'
[16.283s] INFO:colcon.colcon_core.shell:Creating prefix chain script '/home/albert/ws/ros2/nav2/install/setup.zsh'
