[0.018s] Invoking command in '/home/albert/ws/ros2/nav2/build/my_robot_bringup': AMENT_PREFIX_PATH=/home/albert/ws/ros2/nav2/install/my_robot_description:${AMENT_PREFIX_PATH} CMAKE_PREFIX_PATH=/home/albert/ws/ros2/nav2/install/my_robot_description:/opt/ros/humble /usr/bin/cmake /home/albert/ws/ros2/nav2/src/my_robot_bringup -DAMENT_CMAKE_SYMLINK_INSTALL=1 -DCMAKE_INSTALL_PREFIX=/home/albert/ws/ros2/nav2/install/my_robot_bringup
[0.111s] -- The C compiler identification is GNU 11.4.0
[0.203s] -- The CXX compiler identification is GNU 11.4.0
[0.215s] -- Detecting C compiler ABI info
[0.345s] -- Detecting C compiler ABI info - done
[0.355s] -- Check for working C compiler: /usr/bin/cc - skipped
[0.355s] -- Detecting C compile features
[0.356s] -- Detecting C compile features - done
[0.360s] -- Detecting CXX compiler ABI info
[0.503s] -- Detecting CXX compiler ABI info - done
[0.515s] -- Check for working CXX compiler: /usr/bin/c++ - skipped
[0.515s] -- Detecting CXX compile features
[0.519s] -- Detecting CXX compile features - done
[0.522s] -- Found ament_cmake: 1.3.8 (/opt/ros/humble/share/ament_cmake/cmake)
[0.740s] -- Found Python3: /usr/bin/python3 (found version "3.10.12") found components: Interpreter 
[0.827s] -- Override CMake install command with custom implementation using symlinks instead of copying resources
[0.960s] -- Configuring done
[0.965s] -- Generating done
[0.966s] -- Build files have been written to: /home/albert/ws/ros2/nav2/build/my_robot_bringup
[0.975s] Invoked command in '/home/albert/ws/ros2/nav2/build/my_robot_bringup' returned '0': AMENT_PREFIX_PATH=/home/albert/ws/ros2/nav2/install/my_robot_description:${AMENT_PREFIX_PATH} CMAKE_PREFIX_PATH=/home/albert/ws/ros2/nav2/install/my_robot_description:/opt/ros/humble /usr/bin/cmake /home/albert/ws/ros2/nav2/src/my_robot_bringup -DAMENT_CMAKE_SYMLINK_INSTALL=1 -DCMAKE_INSTALL_PREFIX=/home/albert/ws/ros2/nav2/install/my_robot_bringup
[0.976s] Invoking command in '/home/albert/ws/ros2/nav2/build/my_robot_bringup': AMENT_PREFIX_PATH=/home/albert/ws/ros2/nav2/install/my_robot_description:${AMENT_PREFIX_PATH} CMAKE_PREFIX_PATH=/home/albert/ws/ros2/nav2/install/my_robot_description:/opt/ros/humble /usr/bin/cmake --build /home/albert/ws/ros2/nav2/build/my_robot_bringup -- -j6 -l6
[1.067s] Invoked command in '/home/albert/ws/ros2/nav2/build/my_robot_bringup' returned '0': AMENT_PREFIX_PATH=/home/albert/ws/ros2/nav2/install/my_robot_description:${AMENT_PREFIX_PATH} CMAKE_PREFIX_PATH=/home/albert/ws/ros2/nav2/install/my_robot_description:/opt/ros/humble /usr/bin/cmake --build /home/albert/ws/ros2/nav2/build/my_robot_bringup -- -j6 -l6
[1.133s] Invoking command in '/home/albert/ws/ros2/nav2/build/my_robot_bringup': AMENT_PREFIX_PATH=/home/albert/ws/ros2/nav2/install/my_robot_description:${AMENT_PREFIX_PATH} CMAKE_PREFIX_PATH=/home/albert/ws/ros2/nav2/install/my_robot_description:/opt/ros/humble /usr/bin/cmake --install /home/albert/ws/ros2/nav2/build/my_robot_bringup
[1.146s] -- Install configuration: ""
[1.147s] -- Execute custom install script
[1.148s] -- Symlinking: /home/albert/ws/ros2/nav2/install/my_robot_bringup/share/my_robot_bringup/launch/simple_robot_gazebo.launch.py
[1.164s] -- Symlinking: /home/albert/ws/ros2/nav2/install/my_robot_bringup/share/my_robot_bringup/launch/simple_robot_gazebo.launch.xml
[1.184s] -- Symlinking: /home/albert/ws/ros2/nav2/install/my_robot_bringup/share/my_robot_bringup/rviz/simple_robot_car.rviz
[1.200s] -- Symlinking: /home/albert/ws/ros2/nav2/install/my_robot_bringup/share/my_robot_bringup/worlds/test.world
[1.217s] -- Symlinking: /home/albert/ws/ros2/nav2/install/my_robot_bringup/share/ament_index/resource_index/package_run_dependencies/my_robot_bringup
[1.233s] -- Symlinking: /home/albert/ws/ros2/nav2/install/my_robot_bringup/share/ament_index/resource_index/parent_prefix_path/my_robot_bringup
[1.249s] -- Symlinking: /home/albert/ws/ros2/nav2/install/my_robot_bringup/share/my_robot_bringup/environment/ament_prefix_path.sh
[1.266s] -- Symlinking: /home/albert/ws/ros2/nav2/install/my_robot_bringup/share/my_robot_bringup/environment/ament_prefix_path.dsv
[1.282s] -- Symlinking: /home/albert/ws/ros2/nav2/install/my_robot_bringup/share/my_robot_bringup/environment/path.sh
[1.298s] -- Symlinking: /home/albert/ws/ros2/nav2/install/my_robot_bringup/share/my_robot_bringup/environment/path.dsv
[1.312s] -- Symlinking: /home/albert/ws/ros2/nav2/install/my_robot_bringup/share/my_robot_bringup/local_setup.bash
[1.328s] -- Symlinking: /home/albert/ws/ros2/nav2/install/my_robot_bringup/share/my_robot_bringup/local_setup.sh
[1.343s] -- Symlinking: /home/albert/ws/ros2/nav2/install/my_robot_bringup/share/my_robot_bringup/local_setup.zsh
[1.358s] -- Symlinking: /home/albert/ws/ros2/nav2/install/my_robot_bringup/share/my_robot_bringup/local_setup.dsv
[1.374s] -- Symlinking: /home/albert/ws/ros2/nav2/install/my_robot_bringup/share/my_robot_bringup/package.dsv
[1.390s] -- Symlinking: /home/albert/ws/ros2/nav2/install/my_robot_bringup/share/ament_index/resource_index/packages/my_robot_bringup
[1.407s] -- Symlinking: /home/albert/ws/ros2/nav2/install/my_robot_bringup/share/my_robot_bringup/cmake/my_robot_bringupConfig.cmake
[1.423s] -- Symlinking: /home/albert/ws/ros2/nav2/install/my_robot_bringup/share/my_robot_bringup/cmake/my_robot_bringupConfig-version.cmake
[1.439s] -- Symlinking: /home/albert/ws/ros2/nav2/install/my_robot_bringup/share/my_robot_bringup/package.xml
[1.465s] Invoked command in '/home/albert/ws/ros2/nav2/build/my_robot_bringup' returned '0': AMENT_PREFIX_PATH=/home/albert/ws/ros2/nav2/install/my_robot_description:${AMENT_PREFIX_PATH} CMAKE_PREFIX_PATH=/home/albert/ws/ros2/nav2/install/my_robot_description:/opt/ros/humble /usr/bin/cmake --install /home/albert/ws/ros2/nav2/build/my_robot_bringup
