[1.185s] DEBUG:colcon:Command line arguments: ['/usr/bin/colcon', 'list', '-p', '--base-paths', '/home/albert/ws/ros2/nav2']
[1.187s] DEBUG:colcon:Parsed command line arguments: Namespace(log_base=None, log_level=None, verb_name='list', build_base='build', ignore_user_meta=False, metas=['./colcon.meta'], base_paths=['/home/albert/ws/ros2/nav2'], packages_ignore=None, packages_ignore_regex=None, paths=None, packages_up_to=None, packages_up_to_regex=None, packages_above=None, packages_above_and_dependencies=None, packages_above_depth=None, packages_select_by_dep=None, packages_skip_by_dep=None, packages_skip_up_to=None, packages_select_build_failed=False, packages_skip_build_finished=False, packages_select_test_failures=False, packages_skip_test_passed=False, packages_select=None, packages_skip=None, packages_select_regex=None, packages_skip_regex=None, packages_start=None, packages_end=None, allow_overriding=[], topological_order=False, names_only=False, paths_only=True, topological_graph=False, topological_graph_dot=False, topological_graph_density=False, topological_graph_legend=False, topological_graph_dot_cluster=False, topological_graph_dot_include_skipped=False, verb_parser=<colcon_defaults.argument_parser.defaults.DefaultArgumentsDecorator object at 0x72c1a91456f0>, verb_extension=<colcon_package_information.verb.list.ListVerb object at 0x72c1a9259a50>, main=<bound method ListVerb.main of <colcon_package_information.verb.list.ListVerb object at 0x72c1a9259a50>>)
[3.397s] Level 1:colcon.colcon_core.package_discovery:discover_packages(colcon_meta) check parameters
[3.398s] Level 1:colcon.colcon_core.package_discovery:discover_packages(recursive) check parameters
[3.399s] Level 1:colcon.colcon_core.package_discovery:discover_packages(ignore) check parameters
[3.400s] Level 1:colcon.colcon_core.package_discovery:discover_packages(path) check parameters
[3.400s] Level 1:colcon.colcon_core.package_discovery:discover_packages(recursive) discover
[3.401s] INFO:colcon.colcon_core.package_discovery:Crawling recursively for packages in '/home/albert/ws/ros2/nav2'
[3.402s] Level 1:colcon.colcon_core.package_identification:_identify(/home/albert/ws/ros2/nav2) by extensions ['ignore', 'ignore_ament_install']
[3.404s] Level 1:colcon.colcon_core.package_identification:_identify(/home/albert/ws/ros2/nav2) by extension 'ignore'
[3.405s] Level 1:colcon.colcon_core.package_identification:_identify(/home/albert/ws/ros2/nav2) by extension 'ignore_ament_install'
[3.407s] Level 1:colcon.colcon_core.package_identification:_identify(/home/albert/ws/ros2/nav2) by extensions ['colcon_pkg']
[3.407s] Level 1:colcon.colcon_core.package_identification:_identify(/home/albert/ws/ros2/nav2) by extension 'colcon_pkg'
[3.408s] Level 1:colcon.colcon_core.package_identification:_identify(/home/albert/ws/ros2/nav2) by extensions ['colcon_meta']
[3.409s] Level 1:colcon.colcon_core.package_identification:_identify(/home/albert/ws/ros2/nav2) by extension 'colcon_meta'
[3.410s] Level 1:colcon.colcon_core.package_identification:_identify(/home/albert/ws/ros2/nav2) by extensions ['ros']
[3.411s] Level 1:colcon.colcon_core.package_identification:_identify(/home/albert/ws/ros2/nav2) by extension 'ros'
[3.589s] Level 1:colcon.colcon_core.package_identification:_identify(/home/albert/ws/ros2/nav2) by extensions ['cmake', 'python']
[3.591s] Level 1:colcon.colcon_core.package_identification:_identify(/home/albert/ws/ros2/nav2) by extension 'cmake'
[3.592s] Level 1:colcon.colcon_core.package_identification:_identify(/home/albert/ws/ros2/nav2) by extension 'python'
[3.595s] Level 1:colcon.colcon_core.package_identification:_identify(/home/albert/ws/ros2/nav2) by extensions ['python_setup_py']
[3.595s] Level 1:colcon.colcon_core.package_identification:_identify(/home/albert/ws/ros2/nav2) by extension 'python_setup_py'
[3.603s] Level 1:colcon.colcon_core.package_identification:_identify(/home/albert/ws/ros2/nav2/log) by extensions ['ignore', 'ignore_ament_install']
[3.604s] Level 1:colcon.colcon_core.package_identification:_identify(/home/albert/ws/ros2/nav2/log) by extension 'ignore'
[3.606s] Level 1:colcon.colcon_core.package_identification:_identify(/home/albert/ws/ros2/nav2/log) ignored
[3.611s] Level 1:colcon.colcon_core.package_identification:_identify(/home/albert/ws/ros2/nav2/src) by extensions ['ignore', 'ignore_ament_install']
[3.612s] Level 1:colcon.colcon_core.package_identification:_identify(/home/albert/ws/ros2/nav2/src) by extension 'ignore'
[3.613s] Level 1:colcon.colcon_core.package_identification:_identify(/home/albert/ws/ros2/nav2/src) by extension 'ignore_ament_install'
[3.614s] Level 1:colcon.colcon_core.package_identification:_identify(/home/albert/ws/ros2/nav2/src) by extensions ['colcon_pkg']
[3.616s] Level 1:colcon.colcon_core.package_identification:_identify(/home/albert/ws/ros2/nav2/src) by extension 'colcon_pkg'
[3.617s] Level 1:colcon.colcon_core.package_identification:_identify(/home/albert/ws/ros2/nav2/src) by extensions ['colcon_meta']
[3.617s] Level 1:colcon.colcon_core.package_identification:_identify(/home/albert/ws/ros2/nav2/src) by extension 'colcon_meta'
[3.618s] Level 1:colcon.colcon_core.package_identification:_identify(/home/albert/ws/ros2/nav2/src) by extensions ['ros']
[3.620s] Level 1:colcon.colcon_core.package_identification:_identify(/home/albert/ws/ros2/nav2/src) by extension 'ros'
[3.622s] Level 1:colcon.colcon_core.package_identification:_identify(/home/albert/ws/ros2/nav2/src) by extensions ['cmake', 'python']
[3.623s] Level 1:colcon.colcon_core.package_identification:_identify(/home/albert/ws/ros2/nav2/src) by extension 'cmake'
[3.624s] Level 1:colcon.colcon_core.package_identification:_identify(/home/albert/ws/ros2/nav2/src) by extension 'python'
[3.625s] Level 1:colcon.colcon_core.package_identification:_identify(/home/albert/ws/ros2/nav2/src) by extensions ['python_setup_py']
[3.625s] Level 1:colcon.colcon_core.package_identification:_identify(/home/albert/ws/ros2/nav2/src) by extension 'python_setup_py'
[3.631s] Level 1:colcon.colcon_core.package_identification:_identify(/home/albert/ws/ros2/nav2/src/actions_cpp) by extensions ['ignore', 'ignore_ament_install']
[3.633s] Level 1:colcon.colcon_core.package_identification:_identify(/home/albert/ws/ros2/nav2/src/actions_cpp) by extension 'ignore'
[3.635s] Level 1:colcon.colcon_core.package_identification:_identify(/home/albert/ws/ros2/nav2/src/actions_cpp) by extension 'ignore_ament_install'
[3.636s] Level 1:colcon.colcon_core.package_identification:_identify(/home/albert/ws/ros2/nav2/src/actions_cpp) by extensions ['colcon_pkg']
[3.636s] Level 1:colcon.colcon_core.package_identification:_identify(/home/albert/ws/ros2/nav2/src/actions_cpp) by extension 'colcon_pkg'
[3.637s] Level 1:colcon.colcon_core.package_identification:_identify(/home/albert/ws/ros2/nav2/src/actions_cpp) by extensions ['colcon_meta']
[3.637s] Level 1:colcon.colcon_core.package_identification:_identify(/home/albert/ws/ros2/nav2/src/actions_cpp) by extension 'colcon_meta'
[3.639s] Level 1:colcon.colcon_core.package_identification:_identify(/home/albert/ws/ros2/nav2/src/actions_cpp) by extensions ['ros']
[3.639s] Level 1:colcon.colcon_core.package_identification:_identify(/home/albert/ws/ros2/nav2/src/actions_cpp) by extension 'ros'
[3.684s] DEBUG:colcon.colcon_core.package_identification:Package '/home/albert/ws/ros2/nav2/src/actions_cpp' with type 'ros.ament_cmake' and name 'actions_cpp'
[3.687s] Level 1:colcon.colcon_core.package_identification:_identify(/home/albert/ws/ros2/nav2/src/actions_py) by extensions ['ignore', 'ignore_ament_install']
[3.689s] Level 1:colcon.colcon_core.package_identification:_identify(/home/albert/ws/ros2/nav2/src/actions_py) by extension 'ignore'
[3.690s] Level 1:colcon.colcon_core.package_identification:_identify(/home/albert/ws/ros2/nav2/src/actions_py) by extension 'ignore_ament_install'
[3.691s] Level 1:colcon.colcon_core.package_identification:_identify(/home/albert/ws/ros2/nav2/src/actions_py) by extensions ['colcon_pkg']
[3.691s] Level 1:colcon.colcon_core.package_identification:_identify(/home/albert/ws/ros2/nav2/src/actions_py) by extension 'colcon_pkg'
[3.692s] Level 1:colcon.colcon_core.package_identification:_identify(/home/albert/ws/ros2/nav2/src/actions_py) by extensions ['colcon_meta']
[3.692s] Level 1:colcon.colcon_core.package_identification:_identify(/home/albert/ws/ros2/nav2/src/actions_py) by extension 'colcon_meta'
[3.693s] Level 1:colcon.colcon_core.package_identification:_identify(/home/albert/ws/ros2/nav2/src/actions_py) by extensions ['ros']
[3.693s] Level 1:colcon.colcon_core.package_identification:_identify(/home/albert/ws/ros2/nav2/src/actions_py) by extension 'ros'
[3.697s] DEBUG:colcon.colcon_core.package_identification:Package '/home/albert/ws/ros2/nav2/src/actions_py' with type 'ros.ament_python' and name 'actions_py'
[3.699s] Level 1:colcon.colcon_core.package_identification:_identify(/home/albert/ws/ros2/nav2/src/executors_cpp) by extensions ['ignore', 'ignore_ament_install']
[3.699s] Level 1:colcon.colcon_core.package_identification:_identify(/home/albert/ws/ros2/nav2/src/executors_cpp) by extension 'ignore'
[3.701s] Level 1:colcon.colcon_core.package_identification:_identify(/home/albert/ws/ros2/nav2/src/executors_cpp) by extension 'ignore_ament_install'
[3.701s] Level 1:colcon.colcon_core.package_identification:_identify(/home/albert/ws/ros2/nav2/src/executors_cpp) by extensions ['colcon_pkg']
[3.702s] Level 1:colcon.colcon_core.package_identification:_identify(/home/albert/ws/ros2/nav2/src/executors_cpp) by extension 'colcon_pkg'
[3.703s] Level 1:colcon.colcon_core.package_identification:_identify(/home/albert/ws/ros2/nav2/src/executors_cpp) by extensions ['colcon_meta']
[3.703s] Level 1:colcon.colcon_core.package_identification:_identify(/home/albert/ws/ros2/nav2/src/executors_cpp) by extension 'colcon_meta'
[3.704s] Level 1:colcon.colcon_core.package_identification:_identify(/home/albert/ws/ros2/nav2/src/executors_cpp) by extensions ['ros']
[3.705s] Level 1:colcon.colcon_core.package_identification:_identify(/home/albert/ws/ros2/nav2/src/executors_cpp) by extension 'ros'
[3.711s] DEBUG:colcon.colcon_core.package_identification:Package '/home/albert/ws/ros2/nav2/src/executors_cpp' with type 'ros.ament_cmake' and name 'executors_cpp'
[3.712s] Level 1:colcon.colcon_core.package_identification:_identify(/home/albert/ws/ros2/nav2/src/executors_py) by extensions ['ignore', 'ignore_ament_install']
[3.713s] Level 1:colcon.colcon_core.package_identification:_identify(/home/albert/ws/ros2/nav2/src/executors_py) by extension 'ignore'
[3.713s] Level 1:colcon.colcon_core.package_identification:_identify(/home/albert/ws/ros2/nav2/src/executors_py) by extension 'ignore_ament_install'
[3.714s] Level 1:colcon.colcon_core.package_identification:_identify(/home/albert/ws/ros2/nav2/src/executors_py) by extensions ['colcon_pkg']
[3.715s] Level 1:colcon.colcon_core.package_identification:_identify(/home/albert/ws/ros2/nav2/src/executors_py) by extension 'colcon_pkg'
[3.715s] Level 1:colcon.colcon_core.package_identification:_identify(/home/albert/ws/ros2/nav2/src/executors_py) by extensions ['colcon_meta']
[3.715s] Level 1:colcon.colcon_core.package_identification:_identify(/home/albert/ws/ros2/nav2/src/executors_py) by extension 'colcon_meta'
[3.716s] Level 1:colcon.colcon_core.package_identification:_identify(/home/albert/ws/ros2/nav2/src/executors_py) by extensions ['ros']
[3.716s] Level 1:colcon.colcon_core.package_identification:_identify(/home/albert/ws/ros2/nav2/src/executors_py) by extension 'ros'
[3.727s] DEBUG:colcon.colcon_core.package_identification:Package '/home/albert/ws/ros2/nav2/src/executors_py' with type 'ros.ament_python' and name 'executors_py'
[3.732s] Level 1:colcon.colcon_core.package_identification:_identify(/home/albert/ws/ros2/nav2/src/my_robot_bringup) by extensions ['ignore', 'ignore_ament_install']
[3.733s] Level 1:colcon.colcon_core.package_identification:_identify(/home/albert/ws/ros2/nav2/src/my_robot_bringup) by extension 'ignore'
[3.737s] Level 1:colcon.colcon_core.package_identification:_identify(/home/albert/ws/ros2/nav2/src/my_robot_bringup) by extension 'ignore_ament_install'
[3.739s] Level 1:colcon.colcon_core.package_identification:_identify(/home/albert/ws/ros2/nav2/src/my_robot_bringup) by extensions ['colcon_pkg']
[3.740s] Level 1:colcon.colcon_core.package_identification:_identify(/home/albert/ws/ros2/nav2/src/my_robot_bringup) by extension 'colcon_pkg'
[3.740s] Level 1:colcon.colcon_core.package_identification:_identify(/home/albert/ws/ros2/nav2/src/my_robot_bringup) by extensions ['colcon_meta']
[3.741s] Level 1:colcon.colcon_core.package_identification:_identify(/home/albert/ws/ros2/nav2/src/my_robot_bringup) by extension 'colcon_meta'
[3.741s] Level 1:colcon.colcon_core.package_identification:_identify(/home/albert/ws/ros2/nav2/src/my_robot_bringup) by extensions ['ros']
[3.742s] Level 1:colcon.colcon_core.package_identification:_identify(/home/albert/ws/ros2/nav2/src/my_robot_bringup) by extension 'ros'
[3.752s] DEBUG:colcon.colcon_core.package_identification:Package '/home/albert/ws/ros2/nav2/src/my_robot_bringup' with type 'ros.ament_cmake' and name 'my_robot_bringup'
[3.760s] Level 1:colcon.colcon_core.package_identification:_identify(/home/albert/ws/ros2/nav2/src/my_robot_description) by extensions ['ignore', 'ignore_ament_install']
[3.768s] Level 1:colcon.colcon_core.package_identification:_identify(/home/albert/ws/ros2/nav2/src/my_robot_description) by extension 'ignore'
[3.769s] Level 1:colcon.colcon_core.package_identification:_identify(/home/albert/ws/ros2/nav2/src/my_robot_description) by extension 'ignore_ament_install'
[3.770s] Level 1:colcon.colcon_core.package_identification:_identify(/home/albert/ws/ros2/nav2/src/my_robot_description) by extensions ['colcon_pkg']
[3.771s] Level 1:colcon.colcon_core.package_identification:_identify(/home/albert/ws/ros2/nav2/src/my_robot_description) by extension 'colcon_pkg'
[3.777s] Level 1:colcon.colcon_core.package_identification:_identify(/home/albert/ws/ros2/nav2/src/my_robot_description) by extensions ['colcon_meta']
[3.777s] Level 1:colcon.colcon_core.package_identification:_identify(/home/albert/ws/ros2/nav2/src/my_robot_description) by extension 'colcon_meta'
[3.793s] Level 1:colcon.colcon_core.package_identification:_identify(/home/albert/ws/ros2/nav2/src/my_robot_description) by extensions ['ros']
[3.793s] Level 1:colcon.colcon_core.package_identification:_identify(/home/albert/ws/ros2/nav2/src/my_robot_description) by extension 'ros'
[3.799s] DEBUG:colcon.colcon_core.package_identification:Package '/home/albert/ws/ros2/nav2/src/my_robot_description' with type 'ros.ament_cmake' and name 'my_robot_description'
[3.811s] Level 1:colcon.colcon_core.package_identification:_identify(/home/albert/ws/ros2/nav2/src/my_robot_interfaces) by extensions ['ignore', 'ignore_ament_install']
[3.812s] Level 1:colcon.colcon_core.package_identification:_identify(/home/albert/ws/ros2/nav2/src/my_robot_interfaces) by extension 'ignore'
[3.813s] Level 1:colcon.colcon_core.package_identification:_identify(/home/albert/ws/ros2/nav2/src/my_robot_interfaces) by extension 'ignore_ament_install'
[3.813s] Level 1:colcon.colcon_core.package_identification:_identify(/home/albert/ws/ros2/nav2/src/my_robot_interfaces) by extensions ['colcon_pkg']
[3.813s] Level 1:colcon.colcon_core.package_identification:_identify(/home/albert/ws/ros2/nav2/src/my_robot_interfaces) by extension 'colcon_pkg'
[3.814s] Level 1:colcon.colcon_core.package_identification:_identify(/home/albert/ws/ros2/nav2/src/my_robot_interfaces) by extensions ['colcon_meta']
[3.815s] Level 1:colcon.colcon_core.package_identification:_identify(/home/albert/ws/ros2/nav2/src/my_robot_interfaces) by extension 'colcon_meta'
[3.815s] Level 1:colcon.colcon_core.package_identification:_identify(/home/albert/ws/ros2/nav2/src/my_robot_interfaces) by extensions ['ros']
[3.816s] Level 1:colcon.colcon_core.package_identification:_identify(/home/albert/ws/ros2/nav2/src/my_robot_interfaces) by extension 'ros'
[3.822s] DEBUG:colcon.colcon_core.package_identification:Package '/home/albert/ws/ros2/nav2/src/my_robot_interfaces' with type 'ros.ament_cmake' and name 'my_robot_interfaces'
[3.824s] Level 1:colcon.colcon_core.package_identification:_identify(/home/albert/ws/ros2/nav2/src/tutorial_bringup) by extensions ['ignore', 'ignore_ament_install']
[3.825s] Level 1:colcon.colcon_core.package_identification:_identify(/home/albert/ws/ros2/nav2/src/tutorial_bringup) by extension 'ignore'
[3.826s] Level 1:colcon.colcon_core.package_identification:_identify(/home/albert/ws/ros2/nav2/src/tutorial_bringup) by extension 'ignore_ament_install'
[3.827s] Level 1:colcon.colcon_core.package_identification:_identify(/home/albert/ws/ros2/nav2/src/tutorial_bringup) by extensions ['colcon_pkg']
[3.828s] Level 1:colcon.colcon_core.package_identification:_identify(/home/albert/ws/ros2/nav2/src/tutorial_bringup) by extension 'colcon_pkg'
[3.828s] Level 1:colcon.colcon_core.package_identification:_identify(/home/albert/ws/ros2/nav2/src/tutorial_bringup) by extensions ['colcon_meta']
[3.829s] Level 1:colcon.colcon_core.package_identification:_identify(/home/albert/ws/ros2/nav2/src/tutorial_bringup) by extension 'colcon_meta'
[3.829s] Level 1:colcon.colcon_core.package_identification:_identify(/home/albert/ws/ros2/nav2/src/tutorial_bringup) by extensions ['ros']
[3.830s] Level 1:colcon.colcon_core.package_identification:_identify(/home/albert/ws/ros2/nav2/src/tutorial_bringup) by extension 'ros'
[3.836s] DEBUG:colcon.colcon_core.package_identification:Package '/home/albert/ws/ros2/nav2/src/tutorial_bringup' with type 'ros.ament_cmake' and name 'tutorial_bringup'
[3.838s] Level 1:colcon.colcon_core.package_identification:_identify(/home/albert/ws/ros2/nav2/src/tutorial_cpp_pkg) by extensions ['ignore', 'ignore_ament_install']
[3.840s] Level 1:colcon.colcon_core.package_identification:_identify(/home/albert/ws/ros2/nav2/src/tutorial_cpp_pkg) by extension 'ignore'
[3.842s] Level 1:colcon.colcon_core.package_identification:_identify(/home/albert/ws/ros2/nav2/src/tutorial_cpp_pkg) by extension 'ignore_ament_install'
[3.843s] Level 1:colcon.colcon_core.package_identification:_identify(/home/albert/ws/ros2/nav2/src/tutorial_cpp_pkg) by extensions ['colcon_pkg']
[3.844s] Level 1:colcon.colcon_core.package_identification:_identify(/home/albert/ws/ros2/nav2/src/tutorial_cpp_pkg) by extension 'colcon_pkg'
[3.844s] Level 1:colcon.colcon_core.package_identification:_identify(/home/albert/ws/ros2/nav2/src/tutorial_cpp_pkg) by extensions ['colcon_meta']
[3.845s] Level 1:colcon.colcon_core.package_identification:_identify(/home/albert/ws/ros2/nav2/src/tutorial_cpp_pkg) by extension 'colcon_meta'
[3.845s] Level 1:colcon.colcon_core.package_identification:_identify(/home/albert/ws/ros2/nav2/src/tutorial_cpp_pkg) by extensions ['ros']
[3.846s] Level 1:colcon.colcon_core.package_identification:_identify(/home/albert/ws/ros2/nav2/src/tutorial_cpp_pkg) by extension 'ros'
[3.861s] DEBUG:colcon.colcon_core.package_identification:Package '/home/albert/ws/ros2/nav2/src/tutorial_cpp_pkg' with type 'ros.ament_cmake' and name 'tutorial_cpp_pkg'
[3.864s] Level 1:colcon.colcon_core.package_identification:_identify(/home/albert/ws/ros2/nav2/src/tutorial_py_pkg) by extensions ['ignore', 'ignore_ament_install']
[3.865s] Level 1:colcon.colcon_core.package_identification:_identify(/home/albert/ws/ros2/nav2/src/tutorial_py_pkg) by extension 'ignore'
[3.866s] Level 1:colcon.colcon_core.package_identification:_identify(/home/albert/ws/ros2/nav2/src/tutorial_py_pkg) by extension 'ignore_ament_install'
[3.867s] Level 1:colcon.colcon_core.package_identification:_identify(/home/albert/ws/ros2/nav2/src/tutorial_py_pkg) by extensions ['colcon_pkg']
[3.868s] Level 1:colcon.colcon_core.package_identification:_identify(/home/albert/ws/ros2/nav2/src/tutorial_py_pkg) by extension 'colcon_pkg'
[3.868s] Level 1:colcon.colcon_core.package_identification:_identify(/home/albert/ws/ros2/nav2/src/tutorial_py_pkg) by extensions ['colcon_meta']
[3.869s] Level 1:colcon.colcon_core.package_identification:_identify(/home/albert/ws/ros2/nav2/src/tutorial_py_pkg) by extension 'colcon_meta'
[3.871s] Level 1:colcon.colcon_core.package_identification:_identify(/home/albert/ws/ros2/nav2/src/tutorial_py_pkg) by extensions ['ros']
[3.871s] Level 1:colcon.colcon_core.package_identification:_identify(/home/albert/ws/ros2/nav2/src/tutorial_py_pkg) by extension 'ros'
[3.879s] DEBUG:colcon.colcon_core.package_identification:Package '/home/albert/ws/ros2/nav2/src/tutorial_py_pkg' with type 'ros.ament_python' and name 'tutorial_py_pkg'
[3.880s] Level 1:colcon.colcon_core.package_discovery:discover_packages(recursive) using defaults
