[0.024s] Invoking command in '/home/albert/ws/ros2/nav2/build/my_robot_bringup': AMENT_PREFIX_PATH=/home/albert/ws/ros2/nav2/install/my_robot_description:${AMENT_PREFIX_PATH} CMAKE_PREFIX_PATH=/home/albert/ws/ros2/nav2/install/my_robot_description:/opt/ros/humble /usr/bin/cmake --build /home/albert/ws/ros2/nav2/build/my_robot_bringup -- -j6 -l6
[0.084s] Invoked command in '/home/albert/ws/ros2/nav2/build/my_robot_bringup' returned '0': AMENT_PREFIX_PATH=/home/albert/ws/ros2/nav2/install/my_robot_description:${AMENT_PREFIX_PATH} CMAKE_PREFIX_PATH=/home/albert/ws/ros2/nav2/install/my_robot_description:/opt/ros/humble /usr/bin/cmake --build /home/albert/ws/ros2/nav2/build/my_robot_bringup -- -j6 -l6
[0.146s] Invoking command in '/home/albert/ws/ros2/nav2/build/my_robot_bringup': AMENT_PREFIX_PATH=/home/albert/ws/ros2/nav2/install/my_robot_description:${AMENT_PREFIX_PATH} CMAKE_PREFIX_PATH=/home/albert/ws/ros2/nav2/install/my_robot_description:/opt/ros/humble /usr/bin/cmake --install /home/albert/ws/ros2/nav2/build/my_robot_bringup
[0.158s] -- Install configuration: ""
[0.158s] -- Execute custom install script
[0.159s] -- Up-to-date symlink: /home/albert/ws/ros2/nav2/install/my_robot_bringup/share/my_robot_bringup/launch/simple_robot_gazebo.launch.py
[0.159s] -- Up-to-date symlink: /home/albert/ws/ros2/nav2/install/my_robot_bringup/share/my_robot_bringup/launch/simple_robot_gazebo.launch.xml
[0.159s] -- Up-to-date symlink: /home/albert/ws/ros2/nav2/install/my_robot_bringup/share/my_robot_bringup/rviz/simple_robot_car.rviz
[0.160s] -- Up-to-date symlink: /home/albert/ws/ros2/nav2/install/my_robot_bringup/share/my_robot_bringup/worlds/test.world
[0.160s] -- Up-to-date symlink: /home/albert/ws/ros2/nav2/install/my_robot_bringup/share/ament_index/resource_index/package_run_dependencies/my_robot_bringup
[0.160s] -- Up-to-date symlink: /home/albert/ws/ros2/nav2/install/my_robot_bringup/share/ament_index/resource_index/parent_prefix_path/my_robot_bringup
[0.161s] -- Up-to-date symlink: /home/albert/ws/ros2/nav2/install/my_robot_bringup/share/my_robot_bringup/environment/ament_prefix_path.sh
[0.161s] -- Up-to-date symlink: /home/albert/ws/ros2/nav2/install/my_robot_bringup/share/my_robot_bringup/environment/ament_prefix_path.dsv
[0.161s] -- Up-to-date symlink: /home/albert/ws/ros2/nav2/install/my_robot_bringup/share/my_robot_bringup/environment/path.sh
[0.161s] -- Up-to-date symlink: /home/albert/ws/ros2/nav2/install/my_robot_bringup/share/my_robot_bringup/environment/path.dsv
[0.162s] -- Up-to-date symlink: /home/albert/ws/ros2/nav2/install/my_robot_bringup/share/my_robot_bringup/local_setup.bash
[0.162s] -- Up-to-date symlink: /home/albert/ws/ros2/nav2/install/my_robot_bringup/share/my_robot_bringup/local_setup.sh
[0.162s] -- Up-to-date symlink: /home/albert/ws/ros2/nav2/install/my_robot_bringup/share/my_robot_bringup/local_setup.zsh
[0.163s] -- Up-to-date symlink: /home/albert/ws/ros2/nav2/install/my_robot_bringup/share/my_robot_bringup/local_setup.dsv
[0.163s] -- Symlinking: /home/albert/ws/ros2/nav2/install/my_robot_bringup/share/my_robot_bringup/package.dsv
[0.176s] -- Up-to-date symlink: /home/albert/ws/ros2/nav2/install/my_robot_bringup/share/ament_index/resource_index/packages/my_robot_bringup
[0.176s] -- Up-to-date symlink: /home/albert/ws/ros2/nav2/install/my_robot_bringup/share/my_robot_bringup/cmake/my_robot_bringupConfig.cmake
[0.176s] -- Up-to-date symlink: /home/albert/ws/ros2/nav2/install/my_robot_bringup/share/my_robot_bringup/cmake/my_robot_bringupConfig-version.cmake
[0.177s] -- Up-to-date symlink: /home/albert/ws/ros2/nav2/install/my_robot_bringup/share/my_robot_bringup/package.xml
[0.179s] Invoked command in '/home/albert/ws/ros2/nav2/build/my_robot_bringup' returned '0': AMENT_PREFIX_PATH=/home/albert/ws/ros2/nav2/install/my_robot_description:${AMENT_PREFIX_PATH} CMAKE_PREFIX_PATH=/home/albert/ws/ros2/nav2/install/my_robot_description:/opt/ros/humble /usr/bin/cmake --install /home/albert/ws/ros2/nav2/build/my_robot_bringup
